{"code": "missing_seq", "msg": "hCoV-19/x/x390/2021"}
{"code": "upload_error", "msg": "hCoV-19/Anzark/12/2021; submitter_invalid"}
{"code": "upload_error", "msg": "hCoV-19/Anzark/13/2021; submitter_invalid"}
{"code": "upload_error", "msg": "hCoV-19/Anzark/17/2021; submitter_invalid"}
{"code": "upload_error", "msg": "hCoV-19/Anzark/16/2021; submitter_invalid"}
{"code": "upload_error", "msg": "hCoV-19/Anzark/17/2021; submitter_invalid"}
{"code": "upload_error", "msg": "hCoV-19/x/x390/2021; submitter_invalid"}
{"code": "upload_error", "msg": "hCoV-19/Anzark/Melbourne476/2021; submitter_invalid"}
{"code": "upload_error", "msg": "hCoV-19/Anzark/Melbourne477/2021; submitter_invalid"}
{"code": "upload_error", "msg": "hCoV-19/Anzark/Melbourne475/2021; submitter_invalid"}
{"code": "upload_count", "msg": "submissions uploaded: 0"}
{"code": "failed_count", "msg": "submissions failed: 9"}
[]{"code": "missing_seq", "msg": "hCoV-19/x/x390/2021"}
{"code": "upload_error", "msg": "hCoV-19/Anzark/12/2021; submitter_invalid"}
{"code": "upload_error", "msg": "hCoV-19/Anzark/13/2021; submitter_invalid"}
{"code": "upload_error", "msg": "hCoV-19/Anzark/17/2021; submitter_invalid"}
{"code": "upload_error", "msg": "hCoV-19/Anzark/16/2021; submitter_invalid"}
{"code": "upload_error", "msg": "hCoV-19/Anzark/17/2021; submitter_invalid"}
{"code": "valid until", "msg": "Thu Nov 30 20:21:52 2023"}
{"code": "ok", "msg": "user authenticated"}
[
    null,
    null
]{"code": "valid until", "msg": "Wed Nov 27 21:07:30 2024"}
{"code": "ok", "msg": "user authenticated"}
[
    null,
    null
]